<?xml version='1.0' encoding='utf-8'?>
<testsuites>
  <testsuite name="CLI Smoke Tests" tests="156" failures="19" errors="0" time="626.06" timestamp="2025-11-27T17:09:17.852429+00:00">
    <testcase name="aud _archive --help" classname="cli.help" time="0.002" />
    <testcase name="aud _archive (no args)" classname="cli.no_args" time="0.001" />
    <testcase name="aud blueprint --help" classname="cli.help" time="0.001" />
    <testcase name="aud blueprint (no args)" classname="cli.no_args" time="4.412" />
    <testcase name="aud blueprint [default]" classname="cli.fixture" time="0.053" />
    <testcase name="aud boundaries --help" classname="cli.help" time="0.001" />
    <testcase name="aud boundaries (no args)" classname="cli.no_args" time="12.747">
      <failure type="unknown" message="unknown failure" />
    </testcase>
    <testcase name="aud cdk analyze --help" classname="cli.help" time="0.001" />
    <testcase name="aud cdk analyze (no args)" classname="cli.no_args" time="26.295">
      <failure type="unknown" message="unknown failure" />
    </testcase>
    <testcase name="aud cfg analyze --help" classname="cli.help" time="0.001" />
    <testcase name="aud cfg analyze (no args)" classname="cli.no_args" time="0.214" />
    <testcase name="aud cfg viz --help" classname="cli.help" time="0.001" />
    <testcase name="aud cfg viz (no args)" classname="cli.no_args" time="0.000" />
    <testcase name="aud context --help" classname="cli.help" time="0.001" />
    <testcase name="aud context (no args)" classname="cli.no_args" time="0.000" />
    <testcase name="aud deadcode --help" classname="cli.help" time="0.001" />
    <testcase name="aud deadcode (no args)" classname="cli.no_args" time="0.046" />
    <testcase name="aud deps --help" classname="cli.help" time="0.001" />
    <testcase name="aud deps (no args)" classname="cli.no_args" time="0.455" />
    <testcase name="aud detect-frameworks --help" classname="cli.help" time="0.002" />
    <testcase name="aud detect-frameworks (no args)" classname="cli.no_args" time="0.007" />
    <testcase name="aud detect-patterns --help" classname="cli.help" time="0.001" />
    <testcase name="aud detect-patterns (no args)" classname="cli.no_args" time="35.517" />
    <testcase name="aud detect-patterns [default]" classname="cli.fixture" time="0.001">
      <failure type="runtime_error" message="unknown error" />
    </testcase>
    <testcase name="aud docker-analyze --help" classname="cli.help" time="0.002" />
    <testcase name="aud docker-analyze (no args)" classname="cli.no_args" time="0.003">
      <failure type="import_error" message="theauditor.docker_analyzer" />
    </testcase>
    <testcase name="aud docs --help" classname="cli.help" time="0.002" />
    <testcase name="aud docs (no args)" classname="cli.no_args" time="0.001" />
    <testcase name="aud explain --help" classname="cli.help" time="0.001" />
    <testcase name="aud explain (no args)" classname="cli.no_args" time="0.000" />
    <testcase name="aud explain [default]" classname="cli.fixture" time="0.023">
      <failure type="runtime_error" message="unknown error" />
    </testcase>
    <testcase name="aud fce --help" classname="cli.help" time="0.001" />
    <testcase name="aud fce (no args)" classname="cli.no_args" time="10.699" />
    <testcase name="aud full --help" classname="cli.help" time="0.001" />
    <testcase name="aud full (no args)" classname="cli.no_args" time="243.384" />
    <testcase name="aud full [offline_dry]" classname="cli.fixture" time="0.001">
      <failure type="runtime_error" message="unknown error" />
    </testcase>
    <testcase name="aud full [index_dry]" classname="cli.fixture" time="0.001">
      <failure type="runtime_error" message="unknown error" />
    </testcase>
    <testcase name="aud graph analyze --help" classname="cli.help" time="0.001" />
    <testcase name="aud graph analyze (no args)" classname="cli.no_args" time="0.591" />
    <testcase name="aud graph build --help" classname="cli.help" time="0.001" />
    <testcase name="aud graph build (no args)" classname="cli.no_args" time="4.189" />
    <testcase name="aud graph build-dfg --help" classname="cli.help" time="0.001" />
    <testcase name="aud graph build-dfg (no args)" classname="cli.no_args" time="4.096" />
    <testcase name="aud graph query --help" classname="cli.help" time="0.001" />
    <testcase name="aud graph query (no args)" classname="cli.no_args" time="0.000" />
    <testcase name="aud graph query [default]" classname="cli.fixture" time="0.001">
      <failure type="runtime_error" message="unknown error" />
    </testcase>
    <testcase name="aud graph viz --help" classname="cli.help" time="0.001" />
    <testcase name="aud graph viz (no args)" classname="cli.no_args" time="0.072" />
    <testcase name="aud graph viz [default]" classname="cli.fixture" time="0.001">
      <failure type="runtime_error" message="unknown error" />
    </testcase>
    <testcase name="aud graphql build --help" classname="cli.help" time="0.001" />
    <testcase name="aud graphql build (no args)" classname="cli.no_args" time="0.025" />
    <testcase name="aud graphql query --help" classname="cli.help" time="0.001" />
    <testcase name="aud graphql query (no args)" classname="cli.no_args" time="0.003" />
    <testcase name="aud graphql viz --help" classname="cli.help" time="0.001" />
    <testcase name="aud graphql viz (no args)" classname="cli.no_args" time="0.004" />
    <testcase name="aud impact --help" classname="cli.help" time="0.002" />
    <testcase name="aud impact (no args)" classname="cli.no_args" time="0.001">
      <failure type="runtime_error" message="unknown error" />
    </testcase>
    <testcase name="aud index --help" classname="cli.help" time="0.002" />
    <testcase name="aud index (no args)" classname="cli.no_args" time="68.200">
      <failure type="unknown" message="unknown failure" />
    </testcase>
    <testcase name="aud init --help" classname="cli.help" time="0.002" />
    <testcase name="aud init (no args)" classname="cli.no_args" time="70.151">
      <failure type="unknown" message="unknown failure" />
    </testcase>
    <testcase name="aud init-config --help" classname="cli.help" time="0.001" />
    <testcase name="aud init-config (no args)" classname="cli.no_args" time="0.003" />
    <testcase name="aud init-js --help" classname="cli.help" time="0.001" />
    <testcase name="aud init-js (no args)" classname="cli.no_args" time="0.008" />
    <testcase name="aud insights --help" classname="cli.help" time="0.002" />
    <testcase name="aud insights (no args)" classname="cli.no_args" time="0.722">
      <failure type="runtime_error" message="unknown error" />
    </testcase>
    <testcase name="aud learn --help" classname="cli.help" time="0.003" />
    <testcase name="aud learn (no args)" classname="cli.no_args" time="10.072" />
    <testcase name="aud learn-feedback --help" classname="cli.help" time="0.002" />
    <testcase name="aud learn-feedback (no args)" classname="cli.no_args" time="0.001" />
    <testcase name="aud lint --help" classname="cli.help" time="0.001" />
    <testcase name="aud lint (no args)" classname="cli.no_args" time="25.572" />
    <testcase name="aud manual --help" classname="cli.help" time="0.001" />
    <testcase name="aud manual (no args)" classname="cli.no_args" time="0.000" />
    <testcase name="aud metadata analyze --help" classname="cli.help" time="0.001" />
    <testcase name="aud metadata analyze (no args)" classname="cli.no_args" time="0.255" />
    <testcase name="aud metadata churn --help" classname="cli.help" time="0.001" />
    <testcase name="aud metadata churn (no args)" classname="cli.no_args" time="0.246" />
    <testcase name="aud metadata coverage --help" classname="cli.help" time="0.001" />
    <testcase name="aud metadata coverage (no args)" classname="cli.no_args" time="0.001">
      <failure type="runtime_error" message="unknown error" />
    </testcase>
    <testcase name="aud planning add-job --help" classname="cli.help" time="0.001" />
    <testcase name="aud planning add-job (no args)" classname="cli.no_args" time="0.000" />
    <testcase name="aud planning add-phase --help" classname="cli.help" time="0.001" />
    <testcase name="aud planning add-phase (no args)" classname="cli.no_args" time="0.000" />
    <testcase name="aud planning add-task --help" classname="cli.help" time="0.001" />
    <testcase name="aud planning add-task (no args)" classname="cli.no_args" time="0.000" />
    <testcase name="aud planning archive --help" classname="cli.help" time="0.001" />
    <testcase name="aud planning archive (no args)" classname="cli.no_args" time="0.000" />
    <testcase name="aud planning checkpoint --help" classname="cli.help" time="0.001" />
    <testcase name="aud planning checkpoint (no args)" classname="cli.no_args" time="0.001" />
    <testcase name="aud planning init --help" classname="cli.help" time="0.001" />
    <testcase name="aud planning init (no args)" classname="cli.no_args" time="0.001" />
    <testcase name="aud planning list --help" classname="cli.help" time="0.001" />
    <testcase name="aud planning list (no args)" classname="cli.no_args" time="0.000" />
    <testcase name="aud planning rewind --help" classname="cli.help" time="0.001" />
    <testcase name="aud planning rewind (no args)" classname="cli.no_args" time="0.001" />
    <testcase name="aud planning setup-agents --help" classname="cli.help" time="0.001" />
    <testcase name="aud planning setup-agents (no args)" classname="cli.no_args" time="0.000" />
    <testcase name="aud planning show --help" classname="cli.help" time="0.001" />
    <testcase name="aud planning show (no args)" classname="cli.no_args" time="0.001" />
    <testcase name="aud planning show-diff --help" classname="cli.help" time="0.001" />
    <testcase name="aud planning show-diff (no args)" classname="cli.no_args" time="0.000" />
    <testcase name="aud planning update-task --help" classname="cli.help" time="0.001" />
    <testcase name="aud planning update-task (no args)" classname="cli.no_args" time="0.001" />
    <testcase name="aud planning validate --help" classname="cli.help" time="0.001" />
    <testcase name="aud planning validate (no args)" classname="cli.no_args" time="0.000" />
    <testcase name="aud planning verify-task --help" classname="cli.help" time="0.001" />
    <testcase name="aud planning verify-task (no args)" classname="cli.no_args" time="0.001" />
    <testcase name="aud query --help" classname="cli.help" time="0.001" />
    <testcase name="aud query (no args)" classname="cli.no_args" time="0.003">
      <failure type="runtime_error" message="unknown error" />
    </testcase>
    <testcase name="aud query [default]" classname="cli.fixture" time="5.946" />
    <testcase name="aud refactor --help" classname="cli.help" time="0.002" />
    <testcase name="aud refactor (no args)" classname="cli.no_args" time="0.004" />
    <testcase name="aud report --help" classname="cli.help" time="0.001" />
    <testcase name="aud report (no args)" classname="cli.no_args" time="0.001" />
    <testcase name="aud rules --help" classname="cli.help" time="0.001" />
    <testcase name="aud rules (no args)" classname="cli.no_args" time="0.000">
      <failure type="runtime_error" message="unknown error" />
    </testcase>
    <testcase name="aud session analyze --help" classname="cli.help" time="0.001" />
    <testcase name="aud session analyze (no args)" classname="cli.no_args" time="5.657" />
    <testcase name="aud session inspect --help" classname="cli.help" time="0.001" />
    <testcase name="aud session inspect (no args)" classname="cli.no_args" time="0.001" />
    <testcase name="aud session list --help" classname="cli.help" time="0.001" />
    <testcase name="aud session list (no args)" classname="cli.no_args" time="1.129" />
    <testcase name="aud session report --help" classname="cli.help" time="0.001" />
    <testcase name="aud session report (no args)" classname="cli.no_args" time="25.959" />
    <testcase name="aud setup-ai --help" classname="cli.help" time="0.002" />
    <testcase name="aud setup-ai (no args)" classname="cli.no_args" time="0.001" />
    <testcase name="aud setup-claude --help" classname="cli.help" time="0.001" />
    <testcase name="aud setup-claude (no args)" classname="cli.no_args" time="0.001" />
    <testcase name="aud structure --help" classname="cli.help" time="0.002" />
    <testcase name="aud structure (no args)" classname="cli.no_args" time="0.194" />
    <testcase name="aud suggest --help" classname="cli.help" time="0.002" />
    <testcase name="aud suggest (no args)" classname="cli.no_args" time="0.288">
      <failure type="runtime_error" message="  File &quot;C:\Users\" />
    </testcase>
    <testcase name="aud summary --help" classname="cli.help" time="0.001" />
    <testcase name="aud summary (no args)" classname="cli.no_args" time="0.061" />
    <testcase name="aud taint-analyze --help" classname="cli.help" time="0.003" />
    <testcase name="aud taint-analyze (no args)" classname="cli.no_args" time="22.611" />
    <testcase name="aud terraform analyze --help" classname="cli.help" time="0.001" />
    <testcase name="aud terraform analyze (no args)" classname="cli.no_args" time="0.109" />
    <testcase name="aud terraform provision --help" classname="cli.help" time="0.001" />
    <testcase name="aud terraform provision (no args)" classname="cli.no_args" time="0.207" />
    <testcase name="aud terraform report --help" classname="cli.help" time="0.001" />
    <testcase name="aud terraform report (no args)" classname="cli.no_args" time="0.000">
      <failure type="runtime_error" message="unknown error" />
    </testcase>
    <testcase name="aud tools check --help" classname="cli.help" time="0.001" />
    <testcase name="aud tools check (no args)" classname="cli.no_args" time="15.989" />
    <testcase name="aud tools check [default]" classname="cli.fixture" time="10.116" />
    <testcase name="aud tools list --help" classname="cli.help" time="0.001" />
    <testcase name="aud tools list (no args)" classname="cli.no_args" time="9.677" />
    <testcase name="aud tools report --help" classname="cli.help" time="0.001" />
    <testcase name="aud tools report (no args)" classname="cli.no_args" time="8.827" />
    <testcase name="aud workflows analyze --help" classname="cli.help" time="0.001" />
    <testcase name="aud workflows analyze (no args)" classname="cli.no_args" time="0.035" />
    <testcase name="aud workset --help" classname="cli.help" time="0.003" />
    <testcase name="aud workset (no args)" classname="cli.no_args" time="0.006">
      <failure type="runtime_error" message="unknown error" />
    </testcase>
    <testcase name="aud workset [default]" classname="cli.fixture" time="0.015" />
  </testsuite>
</testsuites>